<?xml version="1.0" encoding="UTF-8"?>
<testsuite name="Test" tests="1" skipped="0" failures="0" errors="0" timestamp="2022-02-03T12:11:13" hostname="MacBook-Pro-M1-Dmitrij.local" time="0.21">
  <properties/>
  <testcase name="test()" classname="Test" time="0.21"/>
  <system-out><![CDATA[2022-02-03 15:10:52.223  INFO   --- [    Test worker] .b.t.c.SpringBootTestContextBootstrapper : Neither @ContextConfiguration nor @ContextHierarchy found for test class [Test], using SpringBootContextLoader
2022-02-03 15:10:52.227  INFO   --- [    Test worker] o.s.t.c.support.AbstractContextLoader    : Could not detect default resource locations for test class [Test]: no resource found for suffixes {-context.xml, Context.groovy}.
2022-02-03 15:10:52.303  INFO   --- [    Test worker] .b.t.c.SpringBootTestContextBootstrapper : Loaded default TestExecutionListener class names from location [META-INF/spring.factories]: [org.springframework.boot.test.autoconfigure.restdocs.RestDocsTestExecutionListener, org.springframework.boot.test.autoconfigure.web.client.MockRestServiceServerResetTestExecutionListener, org.springframework.boot.test.autoconfigure.web.servlet.MockMvcPrintOnlyOnFailureTestExecutionListener, org.springframework.boot.test.autoconfigure.web.servlet.WebDriverTestExecutionListener, org.springframework.boot.test.autoconfigure.webservices.client.MockWebServiceServerTestExecutionListener, org.springframework.boot.test.mock.mockito.MockitoTestExecutionListener, org.springframework.boot.test.mock.mockito.ResetMocksTestExecutionListener, org.springframework.test.context.web.ServletTestExecutionListener, org.springframework.test.context.support.DirtiesContextBeforeModesTestExecutionListener, org.springframework.test.context.event.ApplicationEventsTestExecutionListener, org.springframework.test.context.support.DependencyInjectionTestExecutionListener, org.springframework.test.context.support.DirtiesContextTestExecutionListener, org.springframework.test.context.transaction.TransactionalTestExecutionListener, org.springframework.test.context.jdbc.SqlScriptsTestExecutionListener, org.springframework.test.context.event.EventPublishingTestExecutionListener]
2022-02-03 15:10:52.310  INFO   --- [    Test worker] .b.t.c.SpringBootTestContextBootstrapper : Using TestExecutionListeners: [org.springframework.test.context.web.ServletTestExecutionListener@71b1a49c, org.springframework.test.context.support.DirtiesContextBeforeModesTestExecutionListener@73e132e0, org.springframework.test.context.event.ApplicationEventsTestExecutionListener@3773862a, org.springframework.boot.test.mock.mockito.MockitoTestExecutionListener@2472c7d8, org.springframework.boot.test.autoconfigure.SpringBootDependencyInjectionTestExecutionListener@589b028e, org.springframework.test.context.support.DirtiesContextTestExecutionListener@22175d4f, org.springframework.test.context.transaction.TransactionalTestExecutionListener@9fecdf1, org.springframework.test.context.jdbc.SqlScriptsTestExecutionListener@3b809711, org.springframework.test.context.event.EventPublishingTestExecutionListener@3b0f7d9d, org.springframework.boot.test.autoconfigure.restdocs.RestDocsTestExecutionListener@236ab296, org.springframework.boot.test.autoconfigure.web.client.MockRestServiceServerResetTestExecutionListener@5c84624f, org.springframework.boot.test.autoconfigure.web.servlet.MockMvcPrintOnlyOnFailureTestExecutionListener@63034ed1, org.springframework.boot.test.autoconfigure.web.servlet.WebDriverTestExecutionListener@232024b9, org.springframework.boot.test.autoconfigure.webservices.client.MockWebServiceServerTestExecutionListener@55a8dc49, org.springframework.boot.test.mock.mockito.ResetMocksTestExecutionListener@2a415aa9]
2022-02-03 15:10:52.317 ERROR   --- [    Test worker] Test                                     : stdout
2022-02-03 15:10:57.322 ERROR   --- [    Test worker] Test                                     : stdout
2022-02-03 15:11:02.327 ERROR   --- [    Test worker] Test                                     : stdout
2022-02-03 15:11:07.333 ERROR   --- [    Test worker] Test                                     : stdout

  .   ____          _            __ _ _
 /\\ / ___'_ __ _ _(_)_ __  __ _ \ \ \ \
( ( )\___ | '_ | '_| | '_ \/ _` | \ \ \ \
 \\/  ___)| |_)| | | | | || (_| |  ) ) ) )
  '  |____| .__|_| |_|_| |_\__, | / / / /
 =========|_|==============|___/=/_/_/_/
 :: Spring Boot ::                (v2.6.2)

2022-02-03 15:11:12.524  INFO 53378 --- [    Test worker] Test                                     : Starting Test using Java 13.0.10 on MacBook-Pro-M1-Dmitrij.local with PID 53378 (started by dmitrijzarihin in /Users/dmitrijzarihin/IdeaProjects/gradle-std-out)
2022-02-03 15:11:12.524  INFO 53378 --- [    Test worker] Test                                     : No active profile set, falling back to default profiles: default
2022-02-03 15:11:13.308  INFO 53378 --- [    Test worker] Test                                     : Started Test in 0.944 seconds (JVM running for 21.513)
done
]]></system-out>
  <system-err><![CDATA[]]></system-err>
</testsuite>
